Initializing SDR hardware...
psdr_enumerate: SDRplay API version 3.15
  Device 0: Serial=1717046711 HW=2
Found 1 SDR device(s):
  [0] 1717046711 (HW v2)
psdr_open: Device opened successfully (Serial: 1717046711)
psdr_configure: freq=15000000 Hz, SR=2000000 Hz, BW=200 kHz, gain=40 dB, ant=A
SDR initialized: 1717046711
  Frequency:    15.000 MHz
  Sample Rate:  2.000 MSPS
  Bandwidth:    200 kHz
  Gain Red:     40 dB
  LNA State:    4
I/Q ring buffer: 4096 KB allocated
Control port: 127.0.0.1:4535
I/Q stream port: 127.0.0.1:4536
Hardware: CONNECTED
Press Ctrl+C to stop

[IQ] Streaming thread started

Shutting down...
[IQ] Streaming thread stopped
Closing SDR...
psdr_close: Device closed
Server stopped
